<?xml version="1.0" encoding="UTF-8"?>
<testng-results skipped="0" failed="0" ignored="0" total="1" passed="1">
  <reporter-output>
  </reporter-output>
  <suite name="Default suite" duration-ms="10461" started-at="2020-04-20T14:20:22 BST" finished-at="2020-04-20T14:20:33 BST">
    <groups>
    </groups>
    <test name="Default test" duration-ms="10461" started-at="2020-04-20T14:20:22 BST" finished-at="2020-04-20T14:20:33 BST">
      <class name="address_book.Test_book">
        <test-method status="PASS" signature="launch()[pri:0, instance:address_book.Test_book@6e0e048a]" name="launch" is-config="true" duration-ms="8011" started-at="2020-04-20T14:20:22 BST" finished-at="2020-04-20T14:20:30 BST">
          <reporter-output>
          </reporter-output>
        </test-method> <!-- launch -->
        <test-method status="PASS" signature="verify_book()[pri:0, instance:address_book.Test_book@6e0e048a]" name="verify_book" duration-ms="2391" started-at="2020-04-20T14:20:30 BST" finished-at="2020-04-20T14:20:33 BST">
          <reporter-output>
          </reporter-output>
        </test-method> <!-- verify_book -->
        <test-method status="PASS" signature="close()[pri:0, instance:address_book.Test_book@6e0e048a]" name="close" is-config="true" duration-ms="1" started-at="2020-04-20T14:20:33 BST" finished-at="2020-04-20T14:20:33 BST">
          <reporter-output>
          </reporter-output>
        </test-method> <!-- close -->
      </class> <!-- address_book.Test_book -->
    </test> <!-- Default test -->
  </suite> <!-- Default suite -->
</testng-results>
